<?xml version="1.0" encoding="UTF-8"?>
<testsuite name="ProductTypeDaoTest" tests="5" skipped="0" failures="0" errors="0" timestamp="2015-03-11T17:59:17" hostname="NI-NTB-091" time="0.1">
  <properties/>
  <testcase name="testFindAll" classname="ProductTypeDaoTest" time="0.028"/>
  <testcase name="testSave" classname="ProductTypeDaoTest" time="0.014"/>
  <testcase name="testFindById" classname="ProductTypeDaoTest" time="0.013"/>
  <testcase name="testDelete" classname="ProductTypeDaoTest" time="0.014"/>
  <testcase name="testUpdate" classname="ProductTypeDaoTest" time="0.024"/>
  <system-out><![CDATA[Hibernate: select this_.id as id1_1_1_, this_.description as descript2_1_1_, this_.type as type3_1_1_, products2_.type as type5_1_3_, products2_.id as id1_0_3_, products2_.id as id1_0_0_, products2_.description as descript2_0_0_, products2_.price as price3_0_0_, products2_.type as type5_0_0_, products2_.size as size4_0_0_ from product_type this_ left outer join Product products2_ on this_.id=products2_.type
Hibernate: insert into product_type (description, type) values (?, ?)
Hibernate: select this_.id as id1_1_1_, this_.description as descript2_1_1_, this_.type as type3_1_1_, products2_.type as type5_1_3_, products2_.id as id1_0_3_, products2_.id as id1_0_0_, products2_.description as descript2_0_0_, products2_.price as price3_0_0_, products2_.type as type5_0_0_, products2_.size as size4_0_0_ from product_type this_ left outer join Product products2_ on this_.id=products2_.type where this_.id=?
Hibernate: select this_.id as id1_1_1_, this_.description as descript2_1_1_, this_.type as type3_1_1_, products2_.type as type5_1_3_, products2_.id as id1_0_3_, products2_.id as id1_0_0_, products2_.description as descript2_0_0_, products2_.price as price3_0_0_, products2_.type as type5_0_0_, products2_.size as size4_0_0_ from product_type this_ left outer join Product products2_ on this_.id=products2_.type where this_.id=?
Hibernate: select producttyp0_.id as id1_1_0_, producttyp0_.description as descript2_1_0_, producttyp0_.type as type3_1_0_, products1_.type as type5_1_1_, products1_.id as id1_0_1_, products1_.id as id1_0_2_, products1_.description as descript2_0_2_, products1_.price as price3_0_2_, products1_.type as type5_0_2_, products1_.size as size4_0_2_ from product_type producttyp0_ left outer join Product products1_ on producttyp0_.id=products1_.type where producttyp0_.id=?
Hibernate: delete from product_type where id=?
Hibernate: select this_.id as id1_1_1_, this_.description as descript2_1_1_, this_.type as type3_1_1_, products2_.type as type5_1_3_, products2_.id as id1_0_3_, products2_.id as id1_0_0_, products2_.description as descript2_0_0_, products2_.price as price3_0_0_, products2_.type as type5_0_0_, products2_.size as size4_0_0_ from product_type this_ left outer join Product products2_ on this_.id=products2_.type where this_.id=?
Hibernate: update product_type set description=?, type=? where id=?
Hibernate: select this_.id as id1_1_1_, this_.description as descript2_1_1_, this_.type as type3_1_1_, products2_.type as type5_1_3_, products2_.id as id1_0_3_, products2_.id as id1_0_0_, products2_.description as descript2_0_0_, products2_.price as price3_0_0_, products2_.type as type5_0_0_, products2_.size as size4_0_0_ from product_type this_ left outer join Product products2_ on this_.id=products2_.type where this_.id=?
Hibernate: select this_.id as id1_1_1_, this_.description as descript2_1_1_, this_.type as type3_1_1_, products2_.type as type5_1_3_, products2_.id as id1_0_3_, products2_.id as id1_0_0_, products2_.description as descript2_0_0_, products2_.price as price3_0_0_, products2_.type as type5_0_0_, products2_.size as size4_0_0_ from product_type this_ left outer join Product products2_ on this_.id=products2_.type where this_.id=?
Hibernate: select this_.id as id1_1_1_, this_.description as descript2_1_1_, this_.type as type3_1_1_, products2_.type as type5_1_3_, products2_.id as id1_0_3_, products2_.id as id1_0_0_, products2_.description as descript2_0_0_, products2_.price as price3_0_0_, products2_.type as type5_0_0_, products2_.size as size4_0_0_ from product_type this_ left outer join Product products2_ on this_.id=products2_.type where this_.id=?
]]></system-out>
  <system-err><![CDATA[Mar 11, 2015 2:59:17 PM org.springframework.test.context.support.DefaultTestContextBootstrapper getDefaultTestExecutionListenerClassNames
INFO: Loaded default TestExecutionListener class names from location [META-INF/spring.factories]: [org.springframework.test.context.web.ServletTestExecutionListener, org.springframework.test.context.support.DependencyInjectionTestExecutionListener, org.springframework.test.context.support.DirtiesContextTestExecutionListener, org.springframework.test.context.transaction.TransactionalTestExecutionListener, org.springframework.test.context.jdbc.SqlScriptsTestExecutionListener]
Mar 11, 2015 2:59:17 PM org.springframework.test.context.support.DefaultTestContextBootstrapper getTestExecutionListeners
INFO: Using TestExecutionListeners: [org.springframework.test.context.web.ServletTestExecutionListener@62ab394a, org.springframework.test.context.support.DependencyInjectionTestExecutionListener@573e5be1, org.springframework.test.context.support.DirtiesContextTestExecutionListener@3f023d86, org.springframework.test.context.transaction.TransactionalTestExecutionListener@2c1548bb, org.springframework.test.context.jdbc.SqlScriptsTestExecutionListener@295a0399]
Mar 11, 2015 2:59:17 PM org.springframework.test.context.transaction.TransactionContext startTransaction
INFO: Began transaction (1) for test context [DefaultTestContext@787dd1a2 testClass = ProductTypeDaoTest, testInstance = ProductTypeDaoTest@c4e207b, testMethod = testFindAll@ProductTypeDaoTest, testException = [null], mergedContextConfiguration = [MergedContextConfiguration@5d36718c testClass = ProductTypeDaoTest, locations = '{file:src/main/webapp/WEB-INF/test-mvc-servlet.xml}', classes = '{}', contextInitializerClasses = '[]', activeProfiles = '{}', propertySourceLocations = '{}', propertySourceProperties = '{}', contextLoader = 'org.springframework.test.context.support.DelegatingSmartContextLoader', parent = [null]]]; transaction manager [org.springframework.orm.hibernate4.HibernateTransactionManager@5ea22f37]; rollback [true]
Mar 11, 2015 2:59:17 PM org.springframework.test.context.transaction.TransactionContext endTransaction
INFO: Rolled back transaction for test context [DefaultTestContext@787dd1a2 testClass = ProductTypeDaoTest, testInstance = ProductTypeDaoTest@c4e207b, testMethod = testFindAll@ProductTypeDaoTest, testException = [null], mergedContextConfiguration = [MergedContextConfiguration@5d36718c testClass = ProductTypeDaoTest, locations = '{file:src/main/webapp/WEB-INF/test-mvc-servlet.xml}', classes = '{}', contextInitializerClasses = '[]', activeProfiles = '{}', propertySourceLocations = '{}', propertySourceProperties = '{}', contextLoader = 'org.springframework.test.context.support.DelegatingSmartContextLoader', parent = [null]]].
Mar 11, 2015 2:59:17 PM org.springframework.test.context.transaction.TransactionContext startTransaction
INFO: Began transaction (1) for test context [DefaultTestContext@787dd1a2 testClass = ProductTypeDaoTest, testInstance = ProductTypeDaoTest@5f0340e0, testMethod = testSave@ProductTypeDaoTest, testException = [null], mergedContextConfiguration = [MergedContextConfiguration@5d36718c testClass = ProductTypeDaoTest, locations = '{file:src/main/webapp/WEB-INF/test-mvc-servlet.xml}', classes = '{}', contextInitializerClasses = '[]', activeProfiles = '{}', propertySourceLocations = '{}', propertySourceProperties = '{}', contextLoader = 'org.springframework.test.context.support.DelegatingSmartContextLoader', parent = [null]]]; transaction manager [org.springframework.orm.hibernate4.HibernateTransactionManager@5ea22f37]; rollback [true]
Mar 11, 2015 2:59:17 PM org.springframework.test.context.transaction.TransactionContext endTransaction
INFO: Rolled back transaction for test context [DefaultTestContext@787dd1a2 testClass = ProductTypeDaoTest, testInstance = ProductTypeDaoTest@5f0340e0, testMethod = testSave@ProductTypeDaoTest, testException = [null], mergedContextConfiguration = [MergedContextConfiguration@5d36718c testClass = ProductTypeDaoTest, locations = '{file:src/main/webapp/WEB-INF/test-mvc-servlet.xml}', classes = '{}', contextInitializerClasses = '[]', activeProfiles = '{}', propertySourceLocations = '{}', propertySourceProperties = '{}', contextLoader = 'org.springframework.test.context.support.DelegatingSmartContextLoader', parent = [null]]].
Mar 11, 2015 2:59:17 PM org.springframework.test.context.transaction.TransactionContext startTransaction
INFO: Began transaction (1) for test context [DefaultTestContext@787dd1a2 testClass = ProductTypeDaoTest, testInstance = ProductTypeDaoTest@fcea3a4, testMethod = testFindById@ProductTypeDaoTest, testException = [null], mergedContextConfiguration = [MergedContextConfiguration@5d36718c testClass = ProductTypeDaoTest, locations = '{file:src/main/webapp/WEB-INF/test-mvc-servlet.xml}', classes = '{}', contextInitializerClasses = '[]', activeProfiles = '{}', propertySourceLocations = '{}', propertySourceProperties = '{}', contextLoader = 'org.springframework.test.context.support.DelegatingSmartContextLoader', parent = [null]]]; transaction manager [org.springframework.orm.hibernate4.HibernateTransactionManager@5ea22f37]; rollback [true]
Mar 11, 2015 2:59:17 PM org.springframework.test.context.transaction.TransactionContext endTransaction
INFO: Rolled back transaction for test context [DefaultTestContext@787dd1a2 testClass = ProductTypeDaoTest, testInstance = ProductTypeDaoTest@fcea3a4, testMethod = testFindById@ProductTypeDaoTest, testException = [null], mergedContextConfiguration = [MergedContextConfiguration@5d36718c testClass = ProductTypeDaoTest, locations = '{file:src/main/webapp/WEB-INF/test-mvc-servlet.xml}', classes = '{}', contextInitializerClasses = '[]', activeProfiles = '{}', propertySourceLocations = '{}', propertySourceProperties = '{}', contextLoader = 'org.springframework.test.context.support.DelegatingSmartContextLoader', parent = [null]]].
Mar 11, 2015 2:59:17 PM org.springframework.test.context.transaction.TransactionContext startTransaction
INFO: Began transaction (1) for test context [DefaultTestContext@787dd1a2 testClass = ProductTypeDaoTest, testInstance = ProductTypeDaoTest@19d4a8bf, testMethod = testDelete@ProductTypeDaoTest, testException = [null], mergedContextConfiguration = [MergedContextConfiguration@5d36718c testClass = ProductTypeDaoTest, locations = '{file:src/main/webapp/WEB-INF/test-mvc-servlet.xml}', classes = '{}', contextInitializerClasses = '[]', activeProfiles = '{}', propertySourceLocations = '{}', propertySourceProperties = '{}', contextLoader = 'org.springframework.test.context.support.DelegatingSmartContextLoader', parent = [null]]]; transaction manager [org.springframework.orm.hibernate4.HibernateTransactionManager@5ea22f37]; rollback [true]
Mar 11, 2015 2:59:17 PM org.springframework.test.context.transaction.TransactionContext endTransaction
INFO: Rolled back transaction for test context [DefaultTestContext@787dd1a2 testClass = ProductTypeDaoTest, testInstance = ProductTypeDaoTest@19d4a8bf, testMethod = testDelete@ProductTypeDaoTest, testException = [null], mergedContextConfiguration = [MergedContextConfiguration@5d36718c testClass = ProductTypeDaoTest, locations = '{file:src/main/webapp/WEB-INF/test-mvc-servlet.xml}', classes = '{}', contextInitializerClasses = '[]', activeProfiles = '{}', propertySourceLocations = '{}', propertySourceProperties = '{}', contextLoader = 'org.springframework.test.context.support.DelegatingSmartContextLoader', parent = [null]]].
Mar 11, 2015 2:59:17 PM org.springframework.test.context.transaction.TransactionContext startTransaction
INFO: Began transaction (1) for test context [DefaultTestContext@787dd1a2 testClass = ProductTypeDaoTest, testInstance = ProductTypeDaoTest@302a4b21, testMethod = testUpdate@ProductTypeDaoTest, testException = [null], mergedContextConfiguration = [MergedContextConfiguration@5d36718c testClass = ProductTypeDaoTest, locations = '{file:src/main/webapp/WEB-INF/test-mvc-servlet.xml}', classes = '{}', contextInitializerClasses = '[]', activeProfiles = '{}', propertySourceLocations = '{}', propertySourceProperties = '{}', contextLoader = 'org.springframework.test.context.support.DelegatingSmartContextLoader', parent = [null]]]; transaction manager [org.springframework.orm.hibernate4.HibernateTransactionManager@5ea22f37]; rollback [true]
Mar 11, 2015 2:59:17 PM org.springframework.test.context.transaction.TransactionContext endTransaction
INFO: Rolled back transaction for test context [DefaultTestContext@787dd1a2 testClass = ProductTypeDaoTest, testInstance = ProductTypeDaoTest@302a4b21, testMethod = testUpdate@ProductTypeDaoTest, testException = [null], mergedContextConfiguration = [MergedContextConfiguration@5d36718c testClass = ProductTypeDaoTest, locations = '{file:src/main/webapp/WEB-INF/test-mvc-servlet.xml}', classes = '{}', contextInitializerClasses = '[]', activeProfiles = '{}', propertySourceLocations = '{}', propertySourceProperties = '{}', contextLoader = 'org.springframework.test.context.support.DelegatingSmartContextLoader', parent = [null]]].
]]></system-err>
</testsuite>
